#
# There is insufficient memory for the Java Runtime Environment to continue.
# Native memory allocation (mmap) failed to map 134217728 bytes for G1 virtual space
# Possible reasons:
#   The system is out of physical RAM or swap space
#   The process is running with CompressedOops enabled, and the Java Heap may be blocking the growth of the native heap
# Possible solutions:
#   Reduce memory load on the system
#   Increase physical memory or swap space
#   Check if swap backing store is full
#   Decrease Java heap size (-Xmx/-Xms)
#   Decrease number of Java threads
#   Decrease Java thread stack sizes (-Xss)
#   Set larger code cache with -XX:ReservedCodeCacheSize=
#   JVM is running with Unscaled Compressed Oops mode in which the Java heap is
#     placed in the first 4GB address space. The Java Heap base address is the
#     maximum limit for the native heap growth. Please use -XX:HeapBaseMinAddress
#     to set the Java Heap base and to place the Java Heap above 4GB virtual address.
# This output file may be truncated or incomplete.
#
#  Out of Memory Error (os_windows.cpp:3617), pid=26100, tid=21564
#
# JRE version:  (17.0.8.1+1) (build )
# Java VM: OpenJDK 64-Bit Server VM (17.0.8.1+1, mixed mode, sharing, tiered, compressed oops, compressed class ptrs, g1 gc, windows-amd64)
# No core dump will be written. Minidumps are not enabled by default on client versions of Windows
#

---------------  S U M M A R Y ------------

Command Line: -Dfile.encoding=UTF-8 -Dstdout.encoding=UTF-8 -Dstderr.encoding=UTF-8 -XX:+ShowCodeDetailsInExceptionMessages projeto_final_bloco_01.Menu

Host: Intel(R) Core(TM) i3-9100F CPU @ 3.60GHz, 4 cores, 7G,  Windows 10 , 64 bit Build 19041 (10.0.19041.3636)
Time: Mon Nov 27 22:12:57 2023 Hora oficial do Brasil elapsed time: 0.217392 seconds (0d 0h 0m 0s)

---------------  T H R E A D  ---------------

Current thread (0x0000016815c06450):  JavaThread "Unknown thread" [_thread_in_vm, id=21564, stack(0x0000002cc0f00000,0x0000002cc1000000)]

Stack: [0x0000002cc0f00000,0x0000002cc1000000]
Native frames: (J=compiled Java code, j=interpreted, Vv=VM code, C=native code)
V  [jvm.dll+0x678b0a]
V  [jvm.dll+0x835e84]
V  [jvm.dll+0x83762e]
V  [jvm.dll+0x837c93]
V  [jvm.dll+0x24746f]
V  [jvm.dll+0x675859]
V  [jvm.dll+0x66a0ea]
V  [jvm.dll+0x306c7b]
V  [jvm.dll+0x30e166]
V  [jvm.dll+0x35dd3e]
V  [jvm.dll+0x35df6f]
V  [jvm.dll+0x2ddb48]
V  [jvm.dll+0x2deab4]
V  [jvm.dll+0x807f31]
V  [jvm.dll+0x36bb21]
V  [jvm.dll+0x7e733c]
V  [jvm.dll+0x3ee4af]
V  [jvm.dll+0x3f00c1]
C  [jli.dll+0x528b]
C  [ucrtbase.dll+0x21bb2]
C  [KERNEL32.DLL+0x17344]
C  [ntdll.dll+0x526b1]


---------------  P R O C E S S  ---------------

Threads class SMR info:
_java_thread_list=0x00007ffa1acda018, length=0, elements={
}

Java Threads: ( => current thread )

Other Threads:
  0x0000016815c623e0 GCTaskThread "GC Thread#0" [stack: 0x0000002cc1000000,0x0000002cc1100000] [id=23464]
  0x0000016815c738d0 ConcurrentGCThread "G1 Main Marker" [stack: 0x0000002cc1100000,0x0000002cc1200000] [id=26112]
  0x0000016815c742e0 ConcurrentGCThread "G1 Conc#0" [stack: 0x0000002cc1200000,0x0000002cc1300000] [id=4908]

[error occurred during error reporting (printing all threads), id 0xc0000005, EXCEPTION_ACCESS_VIOLATION (0xc0000005) at pc=0x00007ffa1a4ae587]

VM state: not at safepoint (not fully initialized)

VM Mutex/Monitor currently owned by a thread:  ([mutex/lock_event])
[0x0000016815bffce0] Heap_lock - owner thread: 0x0000016815c06450

Heap address: 0x0000000081000000, size: 2032 MB, Compressed Oops mode: 32-bit

CDS archive(s) mapped at: [0x0000000000000000-0x0000000000000000-0x0000000000000000), size 0, SharedBaseAddress: 0x0000000800000000, ArchiveRelocationMode: 1.
Narrow klass base: 0x0000000000000000, Narrow klass shift: 0, Narrow klass range: 0x0

GC Precious Log:
<Empty>

Heap:
 garbage-first heap   total 0K, used 0K [0x0000000081000000, 0x0000000100000000)
  region size 1024K, 0 young (0K), 0 survivors (0K)

[error occurred during error reporting (printing heap information), id 0xc0000005, EXCEPTION_ACCESS_VIOLATION (0xc0000005) at pc=0x00007ffa1a892699]

GC Heap History (0 events):
No events

Dll operation events (1 events):
Event: 0.015 Loaded shared library C:\Program Files\sts-4.20.0.RELEASE\plugins\org.eclipse.justj.openjdk.hotspot.jre.full.win32.x86_64_17.0.8.v20230831-1047\jre\bin\java.dll

Deoptimization events (0 events):
No events

Classes unloaded (0 events):
No events

Classes redefined (0 events):
No events

Internal exceptions (0 events):
No events

VM Operations (0 events):
No events

Events (0 events):
No events


Dynamic libraries:
0x00007ff70f700000 - 0x00007ff70f70e000 	C:\Program Files\sts-4.20.0.RELEASE\plugins\org.eclipse.justj.openjdk.hotspot.jre.full.win32.x86_64_17.0.8.v20230831-1047\jre\bin\javaw.exe
0x00007ffa8e650000 - 0x00007ffa8e848000 	C:\WINDOWS\SYSTEM32\ntdll.dll
0x00007ffa8d310000 - 0x00007ffa8d3cd000 	C:\WINDOWS\System32\KERNEL32.DLL
0x00007ffa8c080000 - 0x00007ffa8c376000 	C:\WINDOWS\System32\KERNELBASE.dll
0x00007ffa8be60000 - 0x00007ffa8bf60000 	C:\WINDOWS\System32\ucrtbase.dll
0x00007ffa66c50000 - 0x00007ffa66c67000 	C:\Program Files\sts-4.20.0.RELEASE\plugins\org.eclipse.justj.openjdk.hotspot.jre.full.win32.x86_64_17.0.8.v20230831-1047\jre\bin\jli.dll
0x00007ffa8e2f0000 - 0x00007ffa8e48e000 	C:\WINDOWS\System32\USER32.dll
0x00007ffa79730000 - 0x00007ffa79749000 	C:\Program Files\sts-4.20.0.RELEASE\plugins\org.eclipse.justj.openjdk.hotspot.jre.full.win32.x86_64_17.0.8.v20230831-1047\jre\bin\VCRUNTIME140.dll
0x00007ffa8c510000 - 0x00007ffa8c532000 	C:\WINDOWS\System32\win32u.dll
0x00007ffa8c9e0000 - 0x00007ffa8ca0c000 	C:\WINDOWS\System32\GDI32.dll
0x00007ffa8bf60000 - 0x00007ffa8c07a000 	C:\WINDOWS\System32\gdi32full.dll
0x00007ffa8bd00000 - 0x00007ffa8bd9d000 	C:\WINDOWS\System32\msvcp_win.dll
0x00007ffa75d00000 - 0x00007ffa75f9a000 	C:\WINDOWS\WinSxS\amd64_microsoft.windows.common-controls_6595b64144ccf1df_6.0.19041.3636_none_60b6a03d71f818d5\COMCTL32.dll
0x00007ffa8ca80000 - 0x00007ffa8cb1e000 	C:\WINDOWS\System32\msvcrt.dll
0x00007ffa8df60000 - 0x00007ffa8df90000 	C:\WINDOWS\System32\IMM32.DLL
0x00007ffa87a10000 - 0x00007ffa87a1c000 	C:\Program Files\sts-4.20.0.RELEASE\plugins\org.eclipse.justj.openjdk.hotspot.jre.full.win32.x86_64_17.0.8.v20230831-1047\jre\bin\vcruntime140_1.dll
0x00007ffa21c60000 - 0x00007ffa21cf1000 	C:\Program Files\sts-4.20.0.RELEASE\plugins\org.eclipse.justj.openjdk.hotspot.jre.full.win32.x86_64_17.0.8.v20230831-1047\jre\bin\msvcp140.dll
0x00007ffa1a1c0000 - 0x00007ffa1ae0c000 	C:\Program Files\sts-4.20.0.RELEASE\plugins\org.eclipse.justj.openjdk.hotspot.jre.full.win32.x86_64_17.0.8.v20230831-1047\jre\bin\server\jvm.dll
0x00007ffa8c680000 - 0x00007ffa8c72f000 	C:\WINDOWS\System32\ADVAPI32.dll
0x00007ffa8dd80000 - 0x00007ffa8de1c000 	C:\WINDOWS\System32\sechost.dll
0x00007ffa8c790000 - 0x00007ffa8c8b6000 	C:\WINDOWS\System32\RPCRT4.dll
0x00007ffa8bab0000 - 0x00007ffa8bafb000 	C:\WINDOWS\SYSTEM32\POWRPROF.dll
0x00007ffa79830000 - 0x00007ffa79839000 	C:\WINDOWS\SYSTEM32\WSOCK32.dll
0x00007ffa7ed10000 - 0x00007ffa7ed37000 	C:\WINDOWS\SYSTEM32\WINMM.dll
0x00007ffa8d3e0000 - 0x00007ffa8d44b000 	C:\WINDOWS\System32\WS2_32.dll
0x00007ffa7ff30000 - 0x00007ffa7ff3a000 	C:\WINDOWS\SYSTEM32\VERSION.dll
0x00007ffa8ba90000 - 0x00007ffa8baa2000 	C:\WINDOWS\SYSTEM32\UMPDC.dll
0x00007ffa89b00000 - 0x00007ffa89b12000 	C:\WINDOWS\SYSTEM32\kernel.appcore.dll
0x00007ffa835e0000 - 0x00007ffa835ea000 	C:\Program Files\sts-4.20.0.RELEASE\plugins\org.eclipse.justj.openjdk.hotspot.jre.full.win32.x86_64_17.0.8.v20230831-1047\jre\bin\jimage.dll
0x00007ffa85c30000 - 0x00007ffa85e14000 	C:\WINDOWS\SYSTEM32\DBGHELP.DLL
0x00007ffa83460000 - 0x00007ffa83494000 	C:\WINDOWS\SYSTEM32\dbgcore.DLL
0x00007ffa8c5f0000 - 0x00007ffa8c672000 	C:\WINDOWS\System32\bcryptPrimitives.dll
0x00007ffa70f60000 - 0x00007ffa70f85000 	C:\Program Files\sts-4.20.0.RELEASE\plugins\org.eclipse.justj.openjdk.hotspot.jre.full.win32.x86_64_17.0.8.v20230831-1047\jre\bin\java.dll

dbghelp: loaded successfully - version: 4.0.5 - missing functions: none
symbol engine: initialized successfully - sym options: 0x614 - pdb path: .;C:\Program Files\sts-4.20.0.RELEASE\plugins\org.eclipse.justj.openjdk.hotspot.jre.full.win32.x86_64_17.0.8.v20230831-1047\jre\bin;C:\WINDOWS\SYSTEM32;C:\WINDOWS\WinSxS\amd64_microsoft.windows.common-controls_6595b64144ccf1df_6.0.19041.3636_none_60b6a03d71f818d5;C:\Program Files\sts-4.20.0.RELEASE\plugins\org.eclipse.justj.openjdk.hotspot.jre.full.win32.x86_64_17.0.8.v20230831-1047\jre\bin\server

VM Arguments:
jvm_args: -Dfile.encoding=UTF-8 -Dstdout.encoding=UTF-8 -Dstderr.encoding=UTF-8 -XX:+ShowCodeDetailsInExceptionMessages 
java_command: projeto_final_bloco_01.Menu
java_class_path (initial): C:\Users\Lucas\Documents\workspace-spring-tool-suite-4-4.20.0.RELEASE\projeto_final_bloco_01\bin
Launcher Type: SUN_STANDARD

[Global flags]
     intx CICompilerCount                          = 3                                         {product} {ergonomic}
     uint ConcGCThreads                            = 1                                         {product} {ergonomic}
     uint G1ConcRefinementThreads                  = 4                                         {product} {ergonomic}
   size_t G1HeapRegionSize                         = 1048576                                   {product} {ergonomic}
    uintx GCDrainStackTargetSize                   = 64                                        {product} {ergonomic}
   size_t InitialHeapSize                          = 134217728                                 {product} {ergonomic}
   size_t MarkStackSize                            = 4194304                                   {product} {ergonomic}
   size_t MaxHeapSize                              = 2130706432                                {product} {ergonomic}
   size_t MinHeapDeltaBytes                        = 1048576                                   {product} {ergonomic}
   size_t MinHeapSize                              = 8388608                                   {product} {ergonomic}
    uintx NonNMethodCodeHeapSize                   = 5832780                                {pd product} {ergonomic}
    uintx NonProfiledCodeHeapSize                  = 122912730                              {pd product} {ergonomic}
    uintx ProfiledCodeHeapSize                     = 122912730                              {pd product} {ergonomic}
    uintx ReservedCodeCacheSize                    = 251658240                              {pd product} {ergonomic}
     bool SegmentedCodeCache                       = true                                      {product} {ergonomic}
     bool ShowCodeDetailsInExceptionMessages       = true                                   {manageable} {command line}
   size_t SoftMaxHeapSize                          = 2130706432                             {manageable} {ergonomic}
     bool UseCompressedClassPointers               = true                           {product lp64_product} {ergonomic}
     bool UseCompressedOops                        = true                           {product lp64_product} {ergonomic}
     bool UseG1GC                                  = true                                      {product} {ergonomic}
     bool UseLargePagesIndividualAllocation        = false                                  {pd product} {ergonomic}

Logging:
Log output configuration:
 #0: stdout all=warning uptime,level,tags
 #1: stderr all=off uptime,level,tags

Environment Variables:
JAVA_HOME=C:\ProgramFiles\Java\jdk-17.03.1
PATH=C:/Program Files/sts-4.20.0.RELEASE//plugins/org.eclipse.justj.openjdk.hotspot.jre.full.win32.x86_64_17.0.8.v20230831-1047/jre/bin/server;C:/Program Files/sts-4.20.0.RELEASE//plugins/org.eclipse.justj.openjdk.hotspot.jre.full.win32.x86_64_17.0.8.v20230831-1047/jre/bin;C:\Program Files\Common Files\Oracle\Java\javapath;C:\WINDOWS\system32;C:\WINDOWS;C:\WINDOWS\System32\Wbem;C:\WINDOWS\System32\WindowsPowerShell\v1.0\;C:\WINDOWS\System32\OpenSSH\;C:\Program Files\Git\cmd;C:\ProgramFiles\Java\jdk-17.03.1;C:\Program Files\nodejs\;C:\ProgramData\UNIVALI\Portugol Studio;C:\Users\Lucas\AppData\Local\Microsoft\WindowsApps;;C:\Users\Lucas\AppData\Local\Programs\Microsoft VS Code\bin;C:\Users\Lucas\AppData\Roaming\npm;C:\Program Files\sts-4.20.0.RELEASE;
USERNAME=Lucas
OS=Windows_NT
PROCESSOR_IDENTIFIER=Intel64 Family 6 Model 158 Stepping 10, GenuineIntel
TMP=C:\Users\Lucas\AppData\Local\Temp
TEMP=C:\Users\Lucas\AppData\Local\Temp



---------------  S Y S T E M  ---------------

OS:
 Windows 10 , 64 bit Build 19041 (10.0.19041.3636)
OS uptime: 11 days 3:12 hours

CPU: total 4 (initial active 4) (4 cores per cpu, 1 threads per core) family 6 model 158 stepping 10 microcode 0xb4, cx8, cmov, fxsr, mmx, 3dnowpref, sse, sse2, sse3, ssse3, sse4.1, sse4.2, popcnt, lzcnt, tsc, tscinvbit, avx, avx2, aes, erms, clmul, bmi1, bmi2, adx, fma, vzeroupper, clflush, clflushopt
Processor Information for all 4 processors :
  Max Mhz: 3600, Current Mhz: 3600, Mhz Limit: 3600

Memory: 4k page, system-wide physical 8127M (831M free)
TotalPageFile size 32703M (AvailPageFile size 188M)
current process WorkingSet (physical memory assigned to process): 10M, peak: 10M
current process commit charge ("private bytes"): 51M, peak: 179M

vm_info: OpenJDK 64-Bit Server VM (17.0.8.1+1) for windows-amd64 JRE (17.0.8.1+1), built on Aug 23 2023 15:29:17 by "admin" with MS VC++ 16.7 (VS2019)

END.
